sample/build/intermediates/manifest_merge_blame_file/debug/manifest-merger-blame-debug-report.txt
1<?xml version="1.0" encoding="utf-8"?>
2<manifest xmlns:android="http://schemas.android.com/apk/res/android"
3    package="jp.kshoji.blemidi.sample"
4    android:versionCode="3"
5    android:versionName="1.2" >
6
7    <uses-sdk
8        android:minSdkVersion="18"
8-->src/main/AndroidManifest.xml
9        android:targetSdkVersion="29" />
9-->src/main/AndroidManifest.xml
10
11    <uses-permission android:name="android.permission.ACCESS_FINE_LOCATION" />
11-->src/main/AndroidManifest.xml:5:5-79
11-->src/main/AndroidManifest.xml:5:22-76
12    <uses-permission android:name="android.permission.BLUETOOTH" />
12-->[:BLE-MIDI-library] AndroidManifest.xml:7:5-68
12-->[:BLE-MIDI-library] AndroidManifest.xml:7:22-65
13    <uses-permission android:name="android.permission.BLUETOOTH_ADMIN" />
13-->[:BLE-MIDI-library] AndroidManifest.xml:8:5-74
13-->[:BLE-MIDI-library] AndroidManifest.xml:8:22-71
14
15    <uses-feature
15-->[:BLE-MIDI-library] AndroidManifest.xml:10:5-12:35
16        android:name="android.hardware.bluetooth_le"
16-->[:BLE-MIDI-library] AndroidManifest.xml:11:9-53
17        android:required="true" />
17-->[:BLE-MIDI-library] AndroidManifest.xml:12:9-32
18
19    <application
19-->src/main/AndroidManifest.xml:7:5-33:19
20        android:allowBackup="true"
20-->src/main/AndroidManifest.xml:8:9-35
21        android:debuggable="true"
22        android:icon="@drawable/ic_launcher"
22-->src/main/AndroidManifest.xml:9:9-45
23        android:label="@string/app_name"
23-->src/main/AndroidManifest.xml:10:9-41
24        android:testOnly="true"
25        android:theme="@style/AppTheme" >
25-->src/main/AndroidManifest.xml:11:9-40
26        <activity
26-->src/main/AndroidManifest.xml:12:9-21:20
27            android:name="jp.kshoji.blemidi.sample.CentralActivity"
27-->src/main/AndroidManifest.xml:13:13-44
28            android:label="@string/app_name_central"
28-->src/main/AndroidManifest.xml:14:13-53
29            android:launchMode="singleTask" >
29-->src/main/AndroidManifest.xml:15:13-44
30            <intent-filter>
30-->src/main/AndroidManifest.xml:16:13-20:29
31                <action android:name="android.intent.action.MAIN" />
31-->src/main/AndroidManifest.xml:17:17-69
31-->src/main/AndroidManifest.xml:17:25-66
32
33                <category android:name="android.intent.category.LAUNCHER" />
33-->src/main/AndroidManifest.xml:19:17-77
33-->src/main/AndroidManifest.xml:19:27-74
34            </intent-filter>
35        </activity>
36        <activity
36-->src/main/AndroidManifest.xml:23:9-32:20
37            android:name="jp.kshoji.blemidi.sample.PeripheralActivity"
37-->src/main/AndroidManifest.xml:24:13-47
38            android:label="@string/app_name_peripheral"
38-->src/main/AndroidManifest.xml:25:13-56
39            android:launchMode="singleTask" >
39-->src/main/AndroidManifest.xml:26:13-44
40            <intent-filter>
40-->src/main/AndroidManifest.xml:16:13-20:29
41                <action android:name="android.intent.action.MAIN" />
41-->src/main/AndroidManifest.xml:17:17-69
41-->src/main/AndroidManifest.xml:17:25-66
42
43                <category android:name="android.intent.category.LAUNCHER" />
43-->src/main/AndroidManifest.xml:19:17-77
43-->src/main/AndroidManifest.xml:19:27-74
44            </intent-filter>
45        </activity>
46    </application>
47
48</manifest>